#! /c/iverilog/bin/vvp
:ivl_version "12.0 (devel)" "(s20150603-965-g55e06db6)";
:ivl_delay_selection "TYPICAL";
:vpi_time_precision + 0;
:vpi_module "D:\iverilog\lib\ivl\system.vpi";
:vpi_module "D:\iverilog\lib\ivl\vhdl_sys.vpi";
:vpi_module "D:\iverilog\lib\ivl\vhdl_textio.vpi";
:vpi_module "D:\iverilog\lib\ivl\v2005_math.vpi";
:vpi_module "D:\iverilog\lib\ivl\va_math.vpi";
S_000000000096dcc0 .scope module, "dual_port_ram_sync" "dual_port_ram_sync" 2 29;
 .timescale 0 0;
    .port_info 0 /INPUT 1 "clk";
    .port_info 1 /INPUT 1 "we";
    .port_info 2 /INPUT 6 "addr_a";
    .port_info 3 /INPUT 6 "addr_b";
    .port_info 4 /INPUT 8 "din_a";
    .port_info 5 /OUTPUT 8 "dout_a";
    .port_info 6 /OUTPUT 8 "dout_b";
P_0000000000967330 .param/l "ADDR_WIDTH" 0 2 31, +C4<00000000000000000000000000000110>;
P_0000000000967368 .param/l "DATA_WIDTH" 0 2 32, +C4<00000000000000000000000000001000>;
L_0000000000898020 .functor BUFZ 8, L_00000000008ff5c0, C4<00000000>, C4<00000000>, C4<00000000>;
L_00000000008982c0 .functor BUFZ 8, L_00000000008feda0, C4<00000000>, C4<00000000>, C4<00000000>;
v000000000096dfe0_0 .net *"_ivl_0", 7 0, L_00000000008ff5c0;  1 drivers
v0000000000966f50_0 .net *"_ivl_10", 7 0, L_00000000008fe940;  1 drivers
L_0000000000900090 .functor BUFT 1, C4<00>, C4<0>, C4<0>, C4<0>;
v00000000008a31c0_0 .net *"_ivl_13", 1 0, L_0000000000900090;  1 drivers
v00000000008a3260_0 .net *"_ivl_2", 7 0, L_00000000008ff700;  1 drivers
L_0000000000900048 .functor BUFT 1, C4<00>, C4<0>, C4<0>, C4<0>;
v00000000008a2e00_0 .net *"_ivl_5", 1 0, L_0000000000900048;  1 drivers
v00000000008a2c20_0 .net *"_ivl_8", 7 0, L_00000000008feda0;  1 drivers
o00000000008ad0b8 .functor BUFZ 6, C4<zzzzzz>; HiZ drive
v00000000008a2a40_0 .net "addr_a", 5 0, o00000000008ad0b8;  0 drivers
o00000000008ad0e8 .functor BUFZ 6, C4<zzzzzz>; HiZ drive
v00000000008a2ae0_0 .net "addr_b", 5 0, o00000000008ad0e8;  0 drivers
o00000000008ad118 .functor BUFZ 1, C4<z>; HiZ drive
v00000000008a2860_0 .net "clk", 0 0, o00000000008ad118;  0 drivers
o00000000008ad148 .functor BUFZ 8, C4<zzzzzzzz>; HiZ drive
v00000000008a2fe0_0 .net "din_a", 7 0, o00000000008ad148;  0 drivers
v00000000008a2d60_0 .net "dout_a", 7 0, L_0000000000898020;  1 drivers
v00000000008a33a0_0 .net "dout_b", 7 0, L_00000000008982c0;  1 drivers
v00000000008a2540_0 .var "q_addr_a", 5 0;
v00000000008a2ea0_0 .var "q_addr_b", 5 0;
v00000000008a3300 .array "ram", 0 63, 7 0;
o00000000008ad238 .functor BUFZ 1, C4<z>; HiZ drive
v00000000008a2f40_0 .net "we", 0 0, o00000000008ad238;  0 drivers
E_000000000089bc80 .event posedge, v00000000008a2860_0;
L_00000000008ff5c0 .array/port v00000000008a3300, L_00000000008ff700;
L_00000000008ff700 .concat [ 6 2 0 0], v00000000008a2540_0, L_0000000000900048;
L_00000000008feda0 .array/port v00000000008a3300, L_00000000008fe940;
L_00000000008fe940 .concat [ 6 2 0 0], v00000000008a2ea0_0, L_0000000000900090;
S_000000000096de50 .scope module, "single_port_ram_sync" "single_port_ram_sync" 2 62;
 .timescale 0 0;
    .port_info 0 /INPUT 1 "clk";
    .port_info 1 /INPUT 1 "we";
    .port_info 2 /INPUT 17 "addr_a";
    .port_info 3 /INPUT 8 "din_a";
    .port_info 4 /OUTPUT 8 "dout_a";
P_00000000009671b0 .param/l "ADDR_WIDTH" 0 2 64, +C4<00000000000000000000000000010001>;
P_00000000009671e8 .param/l "DATA_WIDTH" 0 2 65, +C4<00000000000000000000000000001000>;
L_00000000008985d0 .functor BUFZ 8, L_00000000008ffd40, C4<00000000>, C4<00000000>, C4<00000000>;
v00000000008a3120_0 .net *"_ivl_0", 7 0, L_00000000008ffd40;  1 drivers
v00000000008a27c0_0 .net *"_ivl_2", 18 0, L_00000000008ff0c0;  1 drivers
L_00000000009000d8 .functor BUFT 1, C4<00>, C4<0>, C4<0>, C4<0>;
v00000000008a2900_0 .net *"_ivl_5", 1 0, L_00000000009000d8;  1 drivers
o00000000008ad448 .functor BUFZ 17, C4<zzzzzzzzzzzzzzzzz>; HiZ drive
v00000000008a3080_0 .net "addr_a", 16 0, o00000000008ad448;  0 drivers
o00000000008ad478 .functor BUFZ 1, C4<z>; HiZ drive
v00000000008a3440_0 .net "clk", 0 0, o00000000008ad478;  0 drivers
o00000000008ad4a8 .functor BUFZ 8, C4<zzzzzzzz>; HiZ drive
v00000000008a25e0_0 .net "din_a", 7 0, o00000000008ad4a8;  0 drivers
v00000000008a29a0_0 .net "dout_a", 7 0, L_00000000008985d0;  1 drivers
v00000000008a2680_0 .var/i "i", 31 0;
v00000000008a2b80_0 .var "q_addr_a", 16 0;
v00000000008a2720 .array "ram", 0 131071, 7 0;
o00000000008ad568 .functor BUFZ 1, C4<z>; HiZ drive
v00000000008a2cc0_0 .net "we", 0 0, o00000000008ad568;  0 drivers
E_000000000089b840 .event posedge, v00000000008a3440_0;
L_00000000008ffd40 .array/port v00000000008a2720, L_00000000008ff0c0;
L_00000000008ff0c0 .concat [ 17 2 0 0], v00000000008a2b80_0, L_00000000009000d8;
    .scope S_000000000096dcc0;
T_0 ;
    %wait E_000000000089bc80;
    %load/vec4 v00000000008a2f40_0;
    %flag_set/vec4 8;
    %jmp/0xz  T_0.0, 8;
    %load/vec4 v00000000008a2fe0_0;
    %load/vec4 v00000000008a2a40_0;
    %pad/u 8;
    %ix/vec4 3;
    %ix/load 4, 0, 0; Constant delay
    %assign/vec4/a/d v00000000008a3300, 0, 4;
T_0.0 ;
    %load/vec4 v00000000008a2a40_0;
    %assign/vec4 v00000000008a2540_0, 0;
    %load/vec4 v00000000008a2ae0_0;
    %assign/vec4 v00000000008a2ea0_0, 0;
    %jmp T_0;
    .thread T_0;
    .scope S_000000000096de50;
T_1 ;
    %wait E_000000000089b840;
    %load/vec4 v00000000008a2cc0_0;
    %flag_set/vec4 8;
    %jmp/0xz  T_1.0, 8;
    %load/vec4 v00000000008a25e0_0;
    %load/vec4 v00000000008a3080_0;
    %pad/u 19;
    %ix/vec4 3;
    %ix/load 4, 0, 0; Constant delay
    %assign/vec4/a/d v00000000008a2720, 0, 4;
T_1.0 ;
    %load/vec4 v00000000008a3080_0;
    %assign/vec4 v00000000008a2b80_0, 0;
    %jmp T_1;
    .thread T_1;
    .scope S_000000000096de50;
T_2 ;
    %pushi/vec4 0, 0, 32;
    %store/vec4 v00000000008a2680_0, 0, 32;
T_2.0 ;
    %load/vec4 v00000000008a2680_0;
    %cmpi/s 131072, 0, 32;
    %jmp/0xz T_2.1, 5;
    %pushi/vec4 0, 0, 8;
    %ix/getv/s 4, v00000000008a2680_0;
    %store/vec4a v00000000008a2720, 4, 0;
    %load/vec4 v00000000008a2680_0;
    %addi 1, 0, 32;
    %store/vec4 v00000000008a2680_0, 0, 32;
    %jmp T_2.0;
T_2.1 ;
    %vpi_call 2 93 "$readmemh", "gcd.data", v00000000008a2720 {0 0 0};
    %pushi/vec4 4000, 0, 32;
    %store/vec4 v00000000008a2680_0, 0, 32;
T_2.2 ;
    %load/vec4 v00000000008a2680_0;
    %cmpi/s 5000, 0, 32;
    %jmp/0xz T_2.3, 5;
    %vpi_call 2 95 "$display", &A<v00000000008a2720, v00000000008a2680_0 > {0 0 0};
    %vpi_call 2 96 "$display", v00000000008a2680_0 {0 0 0};
    %load/vec4 v00000000008a2680_0;
    %addi 1, 0, 32;
    %store/vec4 v00000000008a2680_0, 0, 32;
    %jmp T_2.2;
T_2.3 ;
    %end;
    .thread T_2;
# The file index is used to find the file name in the following table.
:file_names 3;
    "N/A";
    "<interactive>";
    "block_ram.v";
